[saved artifacts/core_arch_forensics/case2_personal_message.json]

==============================================================================
case2_personal_message VERIFICATION
==============================================================================
{
 "canonical_route": true,
 "structural_mode": "ensemble",
 "numeric_actor_fallbacks": 0,
 "numeric_fallback_rows": [],
 "generic_prior_writes": 0,
 "generic_prior_suppressions": 0,
 "branch_continuation_after_truncation": false,
 "monoculture_reported": true,
 "boundaries_present": false,
 "outside_world_present": false,
 "cognition_records": 8,
 "under_modeled_subtypes": [],
 "simulation_status": "completed",
 "truncated_weight": null,
 "truncation_reasons": null,
 "ok": true
}
[saved artifacts/core_arch_forensics/summary.json]

DONE {
 "case2": {
  "status": "completed",
  "verification_ok": true,
  "runtime_s": 631.7
 }
}
