[saved artifacts/core_arch_forensics/case4_capacity_bottleneck.json]

==============================================================================
case4_capacity_bottleneck VERIFICATION
==============================================================================
{
 "canonical_route": true,
 "structural_mode": "ensemble",
 "numeric_actor_fallbacks": 0,
 "numeric_fallback_rows": [],
 "generic_prior_writes": 0,
 "generic_prior_suppressions": 20,
 "branch_continuation_after_truncation": false,
 "monoculture_reported": true,
 "boundaries_present": true,
 "outside_world_present": true,
 "cognition_records": 12,
 "under_modeled_subtypes": [
  "under_modeled_boundary",
  "under_modeled_external_process",
  "under_modeled_nonhuman_mechanism"
 ],
 "simulation_status": "under_modeled",
 "truncated_weight": 0.0,
 "truncation_reasons": {},
 "ok": true
}
[saved artifacts/core_arch_forensics/summary.json]

DONE {
 "case4": {
  "status": "under_modeled",
  "verification_ok": true,
  "runtime_s": 1801.8
 }
}
